[debug] [2019-02-07T16:36:28.635Z] ----------------------------------------------------------------------
[debug] [2019-02-07T16:36:28.639Z] Command:       /usr/local/bin/node /usr/local/bin/firebase deploy
[debug] [2019-02-07T16:36:28.640Z] CLI Version:   6.3.1
[debug] [2019-02-07T16:36:28.640Z] Platform:      darwin
[debug] [2019-02-07T16:36:28.640Z] Node Version:  v10.15.1
[debug] [2019-02-07T16:36:28.650Z] Time:          Thu Feb 07 2019 23:36:28 GMT+0700 (Indochina Time)
[debug] [2019-02-07T16:36:28.650Z] ----------------------------------------------------------------------
[debug] 
[debug] [2019-02-07T16:36:28.669Z] > command requires scopes: ["email","openid","https://www.googleapis.com/auth/cloudplatformprojects.readonly","https://www.googleapis.com/auth/firebase","https://www.googleapis.com/auth/cloud-platform"]
[debug] [2019-02-07T16:36:28.670Z] > authorizing via signed-in user
[debug] [2019-02-07T16:36:28.670Z] [iam] checking project unzip-event for permissions ["firebase.projects.get","firebasehosting.sites.update"]
[debug] [2019-02-07T16:36:28.672Z] > refreshing access token with scopes: ["email","https://www.googleapis.com/auth/cloud-platform","https://www.googleapis.com/auth/cloudplatformprojects.readonly","https://www.googleapis.com/auth/firebase","openid"]
[debug] [2019-02-07T16:36:28.673Z] >>> HTTP REQUEST POST https://www.googleapis.com/oauth2/v3/token  
 <request body omitted>
[debug] [2019-02-07T16:36:29.998Z] <<< HTTP RESPONSE 200
[debug] [2019-02-07T16:36:30.027Z] >>> HTTP REQUEST POST https://cloudresourcemanager.googleapis.com/v1/projects/unzip-event:testIamPermissions  

[debug] [2019-02-07T16:36:31.375Z] <<< HTTP RESPONSE 200
[debug] [2019-02-07T16:36:31.377Z] >>> HTTP REQUEST GET https://firebase.googleapis.com/v1beta1/projects/unzip-event  
 
[debug] [2019-02-07T16:36:31.933Z] <<< HTTP RESPONSE 200
[info] 
[info] === Deploying to 'unzip-event'...
[info] 
[info] i  deploying hosting
[debug] [2019-02-07T16:36:31.939Z] >>> HTTP REQUEST POST https://firebasehosting.googleapis.com/v1beta1/sites/unzip-event/versions  

[debug] [2019-02-07T16:36:33.732Z] <<< HTTP RESPONSE 200
[info] i  hosting[unzip-event]: beginning deploy...
[info] i  hosting[unzip-event]: found 60 files in dist
[debug] [2019-02-07T16:36:33.774Z] [hosting] hash cache [ZGlzdA] load error: lines is not defined
[debug] [2019-02-07T16:36:35.667Z] [hosting] hash cache [ZGlzdA] stored for 60 files
[debug] [2019-02-07T16:36:35.667Z] [hosting][hash queue][FINAL]
[debug] [2019-02-07T16:36:35.668Z] >>> HTTP REQUEST POST https://firebasehosting.googleapis.com/v1beta1/sites/unzip-event/versions/99bcbaa540cd8382:populateFiles  
 <request body omitted>
[debug] [2019-02-07T16:36:38.135Z] <<< HTTP RESPONSE 200
[debug] [2019-02-07T16:36:38.144Z] [hosting][populate queue][FINAL]
[debug] [2019-02-07T16:36:38.144Z] [hosting] uploads queued: 6
[debug] [2019-02-07T16:36:43.066Z] [hosting][upload queue][FINAL]
[info] ✔  hosting[unzip-event]: file upload complete
[debug] [2019-02-07T16:36:43.067Z] [hosting] deploy completed after 9334ms
[debug] [2019-02-07T16:37:13.082Z] [
  {
    "config": {
      "public": "dist",
      "ignore": [
        "firebase.json",
        "**/.*",
        "**/node_modules/**"
      ],
      "site": "unzip-event"
    },
    "site": "unzip-event",
    "version": "sites/unzip-event/versions/99bcbaa540cd8382"
  }
]
[info] i  hosting[unzip-event]: finalizing version...
[debug] [2019-02-07T16:37:13.083Z] >>> HTTP REQUEST PATCH https://firebasehosting.googleapis.com/v1beta1/sites/unzip-event/versions/99bcbaa540cd8382?updateMask=status  

[debug] [2019-02-07T16:38:58.264Z] Error: connect ETIMEDOUT 216.58.203.74:443
    at TCPConnectWrap.afterConnect [as oncomplete] (net.js:1104:14)
[error] 
[error] Error: Server Error. connect ETIMEDOUT 216.58.203.74:443
